<?xml version="1.0" encoding="UTF-8"?>
<!-- Generated by org.testng.reporters.JUnitReportReporter -->
<testsuite hostname="Fatma" failures="0" tests="2" name="com.crm.qa.testcases.LandingPageTest" time="27.372" errors="0" timestamp="2023-10-14T23:09:55 EET" skipped="0">
  <testcase classname="com.crm.qa.testcases.LandingPageTest" name="CheckLoginButton" time="24.856"/>
  <testcase classname="com.crm.qa.testcases.LandingPageTest" name="checkLandingPageTitle" time="2.516"/>
</testsuite> <!-- com.crm.qa.testcases.LandingPageTest -->
