<?xml version="1.0" encoding="UTF-8"?>
<!-- Generated by org.testng.reporters.JUnitReportReporter -->
<testsuite hostname="Fatma" failures="0" tests="1" name="com.crm.qa.testcases.LoginPageTest" time="30.986" errors="0" timestamp="2023-10-14T23:09:55 EET" skipped="0">
  <testcase classname="com.crm.qa.testcases.LoginPageTest" name="Login" time="30.986"/>
</testsuite> <!-- com.crm.qa.testcases.LoginPageTest -->
